<?xml version="1.0" encoding="UTF-8"?>
<!-- Generated by org.testng.reporters.JUnitReportReporter -->
<testsuite hostname="Somashekars-iMac.local" failures="0" tests="3" name="nucot.com.april.pagetests.LoginPageTest" time="7.518" errors="0" timestamp="2023-06-24T21:27:07 IST" skipped="0">
  <testcase classname="nucot.com.april.pagetests.LoginPageTest" name="loginPageTitleTest" time="0.025"/>
  <system-out/>
  <testcase classname="nucot.com.april.pagetests.LoginPageTest" name="getUrl" time="0.007"/>
  <system-out/>
  <testcase classname="nucot.com.april.pagetests.LoginPageTest" name="loginTest" time="7.486"/>
  <system-out/>
</testsuite> <!-- nucot.com.april.pagetests.LoginPageTest -->
